<?xml version="1.0" encoding="UTF-8"?>
<!-- Generated by org.testng.reporters.JUnitReportReporter -->
<testsuite hostname="LAPTOP-C1E9K0HP" failures="0" tests="1" name="testNGverification.Multiverification" time="0.029" errors="0" timestamp="2022-06-28T17:41:37 IST" skipped="0">
  <testcase classname="testNGverification.Multiverification" name="Mymethod" time="0.029"/>
  <system-out/>
</testsuite> <!-- testNGverification.Multiverification -->
