<?xml version="1.0" encoding="UTF-8"?>
<!-- Generated by org.testng.reporters.JUnitReportReporter -->
<testsuite hostname="LAPTOP-C1E9K0HP" failures="0" tests="1" name="kitePOMUsingTestNG.ValidateUsername" time="6.346" errors="0" timestamp="2022-06-30T17:43:22 IST" skipped="0">
  <testcase classname="kitePOMUsingTestNG.ValidateUsername" name="validateUserName" time="6.346"/>
  <system-out>
    <![CDATA[validate username
actual and expected username are matching TC passed]]>
  </system-out>
</testsuite> <!-- kitePOMUsingTestNG.ValidateUsername -->
