<?xml version="1.0" encoding="UTF-8"?>
<!-- Generated by org.testng.reporters.JUnitReportReporter -->
<testsuite hostname="LAPTOP-C1E9K0HP" failures="0" tests="1" name="propertiess.ValidateKiteUserIDUsingProperty" time="6.576" errors="0" timestamp="2022-07-05T16:14:39 IST" skipped="0">
  <testcase classname="propertiess.ValidateKiteUserIDUsingProperty" name="validateUserID" time="6.576"/>
  <system-out/>
</testsuite> <!-- propertiess.ValidateKiteUserIDUsingProperty -->
