<?xml version="1.0" encoding="UTF-8"?>
<!-- Generated by org.testng.reporters.JUnitReportReporter -->
<testsuite hostname="LAPTOP-C1E9K0HP" failures="0" tests="3" name="grouping.Testt1" time="0.039" errors="0" timestamp="2022-06-27T16:21:03 IST" skipped="0">
  <testcase classname="grouping.Testt1" name="i" time="0.032"/>
  <system-out>
    <![CDATA[i is running]]>
  </system-out>
  <testcase classname="grouping.Testt1" name="v" time="0.002"/>
  <system-out>
    <![CDATA[v is running]]>
  </system-out>
  <testcase classname="grouping.Testt1" name="h" time="0.005"/>
  <system-out>
    <![CDATA[h is running]]>
  </system-out>
</testsuite> <!-- grouping.Testt1 -->
