<?xml version="1.0" encoding="UTF-8"?>
<!-- Generated by org.testng.reporters.JUnitReportReporter -->
<testsuite hostname="LAPTOP-C1E9K0HP" failures="0" tests="1" name="testNGparallelAndSerial.MyClass2" time="12.771" errors="0" timestamp="2022-07-10T19:14:06 IST" skipped="0">
  <testcase classname="testNGparallelAndSerial.MyClass2" name="facebookLaunch" time="12.771"/>
  <system-out/>
</testsuite> <!-- testNGparallelAndSerial.MyClass2 -->
