<?xml version="1.0" encoding="UTF-8"?>
<!-- Generated by org.testng.reporters.JUnitReportReporter -->
<testsuite hostname="LAPTOP-C1E9K0HP" failures="0" tests="1" name="testNgStudy.AnnotationStudy1" time="0.016" errors="0" timestamp="2022-06-22T15:29:52 IST" skipped="0">
  <testcase classname="testNgStudy.AnnotationStudy1" name="rechargephone" time="0.016"/>
  <system-out>
    <![CDATA[Recharge done]]>
  </system-out>
</testsuite> <!-- testNgStudy.AnnotationStudy1 -->
