<?xml version="1.0" encoding="UTF-8"?>
<!-- Generated by org.testng.reporters.JUnitReportReporter -->
<testsuite hostname="LAPTOP-C1E9K0HP" failures="0" tests="4" name="testNgKeywords.PriorityUse" time="0.015" errors="0" timestamp="2022-06-22T17:54:33 IST" skipped="0">
  <testcase classname="testNgKeywords.PriorityUse" name="s" time="0.015"/>
  <system-out>
    <![CDATA[s is running]]>
  </system-out>
  <testcase classname="testNgKeywords.PriorityUse" name="h" time="0.000"/>
  <system-out>
    <![CDATA[h is running]]>
  </system-out>
  <testcase classname="testNgKeywords.PriorityUse" name="i" time="0.000"/>
  <system-out>
    <![CDATA[i is running]]>
  </system-out>
  <testcase classname="testNgKeywords.PriorityUse" name="v" time="0.000"/>
  <system-out>
    <![CDATA[v is running]]>
  </system-out>
</testsuite> <!-- testNgKeywords.PriorityUse -->
