<?xml version="1.0" encoding="UTF-8"?>
<!-- Generated by org.testng.reporters.JUnitReportReporter -->
<testsuite hostname="LAPTOP-C1E9K0HP" failures="0" tests="4" name="testNgKeywords.EnabledUse" time="0.031" errors="0" timestamp="2022-06-23T16:31:03 IST" skipped="1">
  <testcase classname="testNgKeywords.EnabledUse" name="v" time="0.010"/>
  <system-out>
    <![CDATA[v is running]]>
  </system-out>
  <testcase classname="testNgKeywords.EnabledUse" name="h" time="0.018"/>
  <system-out>
    <![CDATA[h is running]]>
  </system-out>
  <testcase classname="testNgKeywords.EnabledUse" name="s" time="0.003"/>
  <system-out>
    <![CDATA[s is running]]>
  </system-out>
  <testcase classname="testNgKeywords.EnabledUse" name="i">
    <skipped/>
  </testcase> <!-- i -->
  <system-out/>
</testsuite> <!-- testNgKeywords.EnabledUse -->
