<?xml version="1.0" encoding="UTF-8"?>
<!-- Generated by org.testng.reporters.JUnitReportReporter -->
<testsuite hostname="LAPTOP-C1E9K0HP" failures="0" tests="1" name="includeExcludeUse.IncludeUse" time="0.015" errors="0" timestamp="2022-06-23T17:30:44 IST" skipped="0">
  <testcase classname="includeExcludeUse.IncludeUse" name="s" time="0.015"/>
  <system-out>
    <![CDATA[s is running]]>
  </system-out>
</testsuite> <!-- includeExcludeUse.IncludeUse -->
