<?xml version="1.0" encoding="UTF-8"?>
<!-- Generated by org.testng.reporters.JUnitReportReporter -->
<testsuite hostname="LAPTOP-C1E9K0HP" failures="0" tests="4" name="testNgKeywords.DependsOnMethodsUse" time="0.035" errors="0" timestamp="2022-06-23T17:00:06 IST" skipped="0">
  <testcase classname="testNgKeywords.DependsOnMethodsUse" name="s" time="0.002"/>
  <system-out>
    <![CDATA[s is running]]>
  </system-out>
  <testcase classname="testNgKeywords.DependsOnMethodsUse" name="v" time="0.003"/>
  <system-out>
    <![CDATA[v is running]]>
  </system-out>
  <testcase classname="testNgKeywords.DependsOnMethodsUse" name="i" time="0.003"/>
  <system-out>
    <![CDATA[i is running]]>
  </system-out>
  <testcase classname="testNgKeywords.DependsOnMethodsUse" name="h" time="0.027"/>
  <system-out>
    <![CDATA[h is running]]>
  </system-out>
</testsuite> <!-- testNgKeywords.DependsOnMethodsUse -->
