<?xml version="1.0" encoding="UTF-8"?>
<!-- Generated by org.testng.reporters.JUnitReportReporter -->
<testsuite hostname="LAPTOP-C1E9K0HP" failures="0" tests="1" name="testNGverification.AssertEqualsUse" time="0.019" errors="0" timestamp="2022-06-28T17:03:12 IST" skipped="0">
  <testcase classname="testNGverification.AssertEqualsUse" name="Mymethod" time="0.019"/>
  <system-out>
    <![CDATA[a and b values are equal TC fails]]>
  </system-out>
</testsuite> <!-- testNGverification.AssertEqualsUse -->
