<?xml version="1.0" encoding="UTF-8"?>
<!-- Generated by org.testng.reporters.JUnitReportReporter -->
<testsuite hostname="LAPTOP-C1E9K0HP" failures="0" tests="3" name="includeExcludeUse.ExcludeUse" time="0.008" errors="0" timestamp="2022-06-23T17:30:44 IST" skipped="0">
  <testcase classname="includeExcludeUse.ExcludeUse" name="s" time="0.002"/>
  <system-out>
    <![CDATA[s is running]]>
  </system-out>
  <testcase classname="includeExcludeUse.ExcludeUse" name="i" time="0.004"/>
  <system-out>
    <![CDATA[i is running]]>
  </system-out>
  <testcase classname="includeExcludeUse.ExcludeUse" name="h" time="0.002"/>
  <system-out>
    <![CDATA[h is running]]>
  </system-out>
</testsuite> <!-- includeExcludeUse.ExcludeUse -->
