<?xml version="1.0" encoding="UTF-8"?>
<!-- Generated by org.testng.reporters.JUnitReportReporter -->
<testsuite hostname="LAPTOP-C1E9K0HP" failures="0" tests="3" name="testNGgrouping.Testt1" time="0.007" errors="0" timestamp="2022-07-12T14:20:57 IST" skipped="0">
  <testcase classname="testNGgrouping.Testt1" name="i" time="0.004"/>
  <system-out>
    <![CDATA[i is running]]>
  </system-out>
  <testcase classname="testNGgrouping.Testt1" name="v" time="0.001"/>
  <system-out>
    <![CDATA[v is running]]>
  </system-out>
  <testcase classname="testNGgrouping.Testt1" name="h" time="0.002"/>
  <system-out>
    <![CDATA[h is running]]>
  </system-out>
</testsuite> <!-- testNGgrouping.Testt1 -->
