<?xml version="1.0" encoding="UTF-8"?>
<!-- Generated by org.testng.reporters.JUnitReportReporter -->
<testsuite hostname="LAPTOP-C1E9K0HP" failures="0" tests="1" name="kiteBase.ValidateKiteUserID" time="9.301" errors="0" timestamp="2022-07-05T16:05:51 IST" skipped="0">
  <testcase classname="kiteBase.ValidateKiteUserID" name="validateUserID" time="9.301"/>
  <system-out/>
</testsuite> <!-- kiteBase.ValidateKiteUserID -->
