<?xml version="1.0" encoding="UTF-8"?>
<!-- Generated by org.testng.reporters.JUnitReportReporter -->
<testsuite hostname="LAPTOP-C1E9K0HP" failures="0" tests="2" name="testNGincludeExcludeUse.ExcludeUse" time="0.020" errors="0" timestamp="2022-07-10T19:20:48 IST" skipped="0">
  <testcase classname="testNGincludeExcludeUse.ExcludeUse" name="v" time="0.005"/>
  <system-out>
    <![CDATA[v is running]]>
  </system-out>
  <testcase classname="testNGincludeExcludeUse.ExcludeUse" name="i" time="0.015"/>
  <system-out>
    <![CDATA[i is running]]>
  </system-out>
</testsuite> <!-- testNGincludeExcludeUse.ExcludeUse -->
