<?xml version="1.0" encoding="UTF-8"?>
<!-- Generated by org.testng.reporters.JUnitReportReporter -->
<testsuite hostname="LAPTOP-C1E9K0HP" failures="0" tests="2" name="testNgStudy.AnnotationStudy" time="0.000" errors="0" timestamp="2022-06-22T15:21:38 IST" skipped="0">
  <testcase classname="testNgStudy.AnnotationStudy" name="validateuserID" time="0.000"/>
  <system-out>
    <![CDATA[user ID validated]]>
  </system-out>
  <testcase classname="testNgStudy.AnnotationStudy" name="validateDashboard" time="0.000"/>
  <system-out>
    <![CDATA[Dashboard validated]]>
  </system-out>
</testsuite> <!-- testNgStudy.AnnotationStudy -->
