<?xml version="1.0" encoding="UTF-8"?>
<!-- Generated by org.testng.reporters.JUnitReportReporter -->
<testsuite hostname="LAPTOP-C1E9K0HP" failures="0" tests="2" name="testNGNewCrossBrowser.NewCrossBrowserTest" time="63.334" errors="0" timestamp="2022-07-12T15:17:06 IST" skipped="0">
  <testcase classname="testNGNewCrossBrowser.NewCrossBrowserTest" name="MyTest" time="31.444"/>
  <system-out/>
  <testcase classname="testNGNewCrossBrowser.NewCrossBrowserTest" name="MyTest" time="31.890"/>
  <system-out/>
</testsuite> <!-- testNGNewCrossBrowser.NewCrossBrowserTest -->
