<?xml version="1.0" encoding="UTF-8"?>
<!-- Generated by org.testng.reporters.JUnitReportReporter -->
<testsuite hostname="LAPTOP-C1E9K0HP" failures="0" tests="1" name="crossBrowserTesting.CrossBrowserTest" time="16.907" errors="0" timestamp="2022-07-10T19:10:44 IST" skipped="0">
  <testcase classname="crossBrowserTesting.CrossBrowserTest" name="MyTest" time="16.907"/>
  <system-out/>
</testsuite> <!-- crossBrowserTesting.CrossBrowserTest -->
