<?xml version="1.0" encoding="UTF-8"?>
<!-- Generated by org.testng.reporters.JUnitReportReporter -->
<testsuite hostname="LAPTOP-C1E9K0HP" failures="0" tests="2" name="grouping.Testt2" time="0.019" errors="0" timestamp="2022-06-27T16:21:03 IST" skipped="0">
  <testcase classname="grouping.Testt2" name="v" time="0.003"/>
  <system-out>
    <![CDATA[v is running]]>
  </system-out>
  <testcase classname="grouping.Testt2" name="i" time="0.016"/>
  <system-out>
    <![CDATA[i is running]]>
  </system-out>
</testsuite> <!-- grouping.Testt2 -->
