<?xml version="1.0" encoding="UTF-8"?>
<!-- Generated by org.testng.reporters.JUnitReportReporter -->
<testsuite hostname="LAPTOP-C1E9K0HP" failures="0" tests="2" name="testNgStudy.MyTestClass" time="47.853" errors="0" timestamp="2022-06-22T14:49:12 IST" skipped="0">
  <testcase classname="testNgStudy.MyTestClass" name="atul" time="39.265"/>
  <system-out/>
  <testcase classname="testNgStudy.MyTestClass" name="atul1" time="8.588"/>
  <system-out/>
</testsuite> <!-- testNgStudy.MyTestClass -->
