<?xml version="1.0" encoding="UTF-8"?>
<!-- Generated by org.testng.reporters.JUnitReportReporter -->
<testsuite hostname="LAPTOP-C1E9K0HP" failures="0" tests="3" name="testNgKeywords.InvocationCount" time="0.032" errors="0" timestamp="2022-06-22T17:47:27 IST" skipped="0">
  <testcase classname="testNgKeywords.InvocationCount" name="myTest" time="0.016"/>
  <system-out>
    <![CDATA[hello]]>
  </system-out>
  <testcase classname="testNgKeywords.InvocationCount" name="myTest" time="0.000"/>
  <system-out>
    <![CDATA[hello]]>
  </system-out>
  <testcase classname="testNgKeywords.InvocationCount" name="myTest" time="0.016"/>
  <system-out>
    <![CDATA[hello]]>
  </system-out>
</testsuite> <!-- testNgKeywords.InvocationCount -->
