<?xml version="1.0" encoding="UTF-8"?>
<!-- Generated by org.testng.reporters.JUnitReportReporter -->
<testsuite hostname="LAPTOP-C1E9K0HP" failures="0" tests="2" name="testNGgrouping.Testt2" time="0.016" errors="0" timestamp="2022-07-12T14:20:57 IST" skipped="0">
  <testcase classname="testNGgrouping.Testt2" name="v" time="0.002"/>
  <system-out>
    <![CDATA[v is running]]>
  </system-out>
  <testcase classname="testNGgrouping.Testt2" name="i" time="0.014"/>
  <system-out>
    <![CDATA[i is running]]>
  </system-out>
</testsuite> <!-- testNGgrouping.Testt2 -->
